Traceback (most recent call last):
  File "/opt/homebrew/Caskroom/miniforge/base/envs/teach/lib/python3.12/site-packages/jupyter_cache/executors/utils.py", line 58, in single_nb_execution
    executenb(
  File "/opt/homebrew/Caskroom/miniforge/base/envs/teach/lib/python3.12/site-packages/nbclient/client.py", line 1319, in execute
    return NotebookClient(nb=nb, resources=resources, km=km, **kwargs).execute()
           ^^^^^^^^^^^^^^^^^^^^^^^^^^^^^^^^^^^^^^^^^^^^^^^^^^^^^^^^^^^^^^^^^^^^^
  File "/opt/homebrew/Caskroom/miniforge/base/envs/teach/lib/python3.12/site-packages/jupyter_core/utils/__init__.py", line 165, in wrapped
    return loop.run_until_complete(inner)
           ^^^^^^^^^^^^^^^^^^^^^^^^^^^^^^
  File "/opt/homebrew/Caskroom/miniforge/base/envs/teach/lib/python3.12/asyncio/base_events.py", line 687, in run_until_complete
    return future.result()
           ^^^^^^^^^^^^^^^
  File "/opt/homebrew/Caskroom/miniforge/base/envs/teach/lib/python3.12/site-packages/nbclient/client.py", line 709, in async_execute
    await self.async_execute_cell(
  File "/opt/homebrew/Caskroom/miniforge/base/envs/teach/lib/python3.12/site-packages/nbclient/client.py", line 1062, in async_execute_cell
    await self._check_raise_for_error(cell, cell_index, exec_reply)
  File "/opt/homebrew/Caskroom/miniforge/base/envs/teach/lib/python3.12/site-packages/nbclient/client.py", line 918, in _check_raise_for_error
    raise CellExecutionError.from_cell_and_msg(cell, exec_reply_content)
nbclient.exceptions.CellExecutionError: An error occurred while executing the following cell:
------------------
from Bio.Align import substitution_matrices
matrix_list = substitution_matrices.load()
print(matrix_list)
------------------


[0;31m---------------------------------------------------------------------------[0m
[0;31mMissingPythonDependencyError[0m              Traceback (most recent call last)
Cell [0;32mIn[4], line 1[0m
[0;32m----> 1[0m [38;5;28;01mfrom[39;00m[38;5;250m [39m[38;5;21;01mBio[39;00m[38;5;21;01m.[39;00m[38;5;21;01mAlign[39;00m[38;5;250m [39m[38;5;28;01mimport[39;00m substitution_matrices
[1;32m      2[0m matrix_list [38;5;241m=[39m substitution_matrices[38;5;241m.[39mload()
[1;32m      3[0m [38;5;28mprint[39m(matrix_list)

File [0;32m/opt/homebrew/Caskroom/miniforge/base/envs/teach/lib/python3.12/site-packages/Bio/Align/__init__.py:32[0m
[1;32m     29[0m [38;5;28;01mexcept[39;00m [38;5;167;01mImportError[39;00m:
[1;32m     30[0m     [38;5;28;01mfrom[39;00m[38;5;250m [39m[38;5;21;01mBio[39;00m[38;5;250m [39m[38;5;28;01mimport[39;00m MissingPythonDependencyError
[0;32m---> 32[0m     [38;5;28;01mraise[39;00m MissingPythonDependencyError(
[1;32m     33[0m         [38;5;124m"[39m[38;5;124mPlease install NumPy if you want to use Bio.Align. [39m[38;5;124m"[39m
[1;32m     34[0m         [38;5;124m"[39m[38;5;124mSee http://www.numpy.org/[39m[38;5;124m"[39m
[1;32m     35[0m     ) [38;5;28;01mfrom[39;00m[38;5;250m [39m[38;5;28;01mNone[39;00m
[1;32m     37[0m [38;5;28;01mfrom[39;00m[38;5;250m [39m[38;5;21;01mBio[39;00m[38;5;250m [39m[38;5;28;01mimport[39;00m BiopythonDeprecationWarning
[1;32m     38[0m [38;5;28;01mfrom[39;00m[38;5;250m [39m[38;5;21;01mBio[39;00m[38;5;21;01m.[39;00m[38;5;21;01mAlign[39;00m[38;5;250m [39m[38;5;28;01mimport[39;00m _aligncore  [38;5;66;03m# type: ignore[39;00m

[0;31mMissingPythonDependencyError[0m: Please install NumPy if you want to use Bio.Align. See http://www.numpy.org/

